<?xml version="1.0" encoding="UTF-8"?>
<testsuite name="org.makaia.transactionBankingSystem.validation.UserValidationTest" tests="6" skipped="0" failures="0" errors="0" timestamp="2023-10-16T06:09:12" hostname="LAPTOP-TEMIOI1K" time="0.13">
  <properties/>
  <testcase name="getUserValidationWithErrors()" classname="org.makaia.transactionBankingSystem.validation.UserValidationTest" time="0.003"/>
  <testcase name="getUserValidationWithNull()" classname="org.makaia.transactionBankingSystem.validation.UserValidationTest" time="0.04"/>
  <testcase name="createUserValidation()" classname="org.makaia.transactionBankingSystem.validation.UserValidationTest" time="0.004"/>
  <testcase name="getUserValidation()" classname="org.makaia.transactionBankingSystem.validation.UserValidationTest" time="0.013"/>
  <testcase name="createUserValidationWithErrors()" classname="org.makaia.transactionBankingSystem.validation.UserValidationTest" time="0.002"/>
  <testcase name="createUserValidationWithNull()" classname="org.makaia.transactionBankingSystem.validation.UserValidationTest" time="0.003"/>
  <system-out><![CDATA[]]></system-out>
  <system-err><![CDATA[]]></system-err>
</testsuite>
