<?xml version="1.0" encoding="UTF-8"?>
<testsuite name="org.makaia.transactionBankingSystem.service.PocketServiceTest" tests="9" skipped="0" failures="0" errors="0" timestamp="2023-10-16T06:09:10" hostname="LAPTOP-TEMIOI1K" time="0.455">
  <properties/>
  <testcase name="getPocketsByAccountNumber()" classname="org.makaia.transactionBankingSystem.service.PocketServiceTest" time="0.005"/>
  <testcase name="transferToPocketWithExistingAccountExistingPocketAndEnoughBalance()" classname="org.makaia.transactionBankingSystem.service.PocketServiceTest" time="0.017"/>
  <testcase name="getAccountByIdWithNonExistingId()" classname="org.makaia.transactionBankingSystem.service.PocketServiceTest" time="0.007"/>
  <testcase name="transferToPocketWithNonExistingAccount()" classname="org.makaia.transactionBankingSystem.service.PocketServiceTest" time="0.02"/>
  <testcase name="createPocketWithExistingAccountAndEnoughBalance()" classname="org.makaia.transactionBankingSystem.service.PocketServiceTest" time="0.013"/>
  <testcase name="createPocketWithNonExistingAccount()" classname="org.makaia.transactionBankingSystem.service.PocketServiceTest" time="0.01"/>
  <testcase name="transferToPocketWithExistingAccountAndNonExistingPocket()" classname="org.makaia.transactionBankingSystem.service.PocketServiceTest" time="0.099"/>
  <testcase name="transferToPocketWithExistingAccountExistingPocketAndNonEnoughBalance()" classname="org.makaia.transactionBankingSystem.service.PocketServiceTest" time="0.048"/>
  <testcase name="createPocketWithExistingAccountAndNonEnoughBalance()" classname="org.makaia.transactionBankingSystem.service.PocketServiceTest" time="0.04"/>
  <system-out><![CDATA[]]></system-out>
  <system-err><![CDATA[]]></system-err>
</testsuite>
