<?xml version="1.0" encoding="UTF-8"?>
<testsuite name="org.makaia.transactionBankingSystem.service.AccountServiceTest" tests="15" skipped="0" failures="0" errors="0" timestamp="2023-10-16T04:46:50" hostname="LAPTOP-TEMIOI1K" time="0.773">
  <properties/>
  <testcase name="transferToAccountWithNonEnoughBalanceInSourceAccount()" classname="org.makaia.transactionBankingSystem.service.AccountServiceTest" time="0.132"/>
  <testcase name="createSuccessfulAccountWithExistingPerson()" classname="org.makaia.transactionBankingSystem.service.AccountServiceTest" time="0.019"/>
  <testcase name="transferToAccountWithEqualsSourceAndDestinationAccounts()" classname="org.makaia.transactionBankingSystem.service.AccountServiceTest" time="0.025"/>
  <testcase name="getPocketsByAccountNumberExistingPockets()" classname="org.makaia.transactionBankingSystem.service.AccountServiceTest" time="0.015"/>
  <testcase name="getAccountByIdWithNonExistentId()" classname="org.makaia.transactionBankingSystem.service.AccountServiceTest" time="0.021"/>
  <testcase name="createSuccessfulAccountWithNonExistingPerson()" classname="org.makaia.transactionBankingSystem.service.AccountServiceTest" time="0.026"/>
  <testcase name="depositInAccountWithNonExistingAccount()" classname="org.makaia.transactionBankingSystem.service.AccountServiceTest" time="0.012"/>
  <testcase name="depositInAccount()" classname="org.makaia.transactionBankingSystem.service.AccountServiceTest" time="0.192"/>
  <testcase name="transferToAccountWithEnoughBalanceInSourceAccount()" classname="org.makaia.transactionBankingSystem.service.AccountServiceTest" time="0.015"/>
  <testcase name="getPocketsByAccountNumberNonExistingPockets()" classname="org.makaia.transactionBankingSystem.service.AccountServiceTest" time="0.019"/>
  <testcase name="getAccountByIdWithExistentId()" classname="org.makaia.transactionBankingSystem.service.AccountServiceTest" time="0.003"/>
  <testcase name="balanceInPocketsOfOneAccountExistingPockets()" classname="org.makaia.transactionBankingSystem.service.AccountServiceTest" time="0.081"/>
  <testcase name="isLoggedInUserTheOwnerOfTheAccount()" classname="org.makaia.transactionBankingSystem.service.AccountServiceTest" time="0.009"/>
  <testcase name="getPersonByIdNonExistingId()" classname="org.makaia.transactionBankingSystem.service.AccountServiceTest" time="0.084"/>
  <testcase name="isLoggedInUserNonOwnerOfTheAccount()" classname="org.makaia.transactionBankingSystem.service.AccountServiceTest" time="0.004"/>
  <system-out><![CDATA[]]></system-out>
  <system-err><![CDATA[]]></system-err>
</testsuite>
