<?xml version="1.0" encoding="UTF-8"?>
<testsuite name="org.makaia.transactionBankingSystem.validation.PocketValidationTest" tests="5" skipped="0" failures="0" errors="0" timestamp="2023-10-16T04:46:53" hostname="LAPTOP-TEMIOI1K" time="0.026">
  <properties/>
  <testcase name="transferPocketValidation()" classname="org.makaia.transactionBankingSystem.validation.PocketValidationTest" time="0.005"/>
  <testcase name="createPocketValidationWithInvalidParameters()" classname="org.makaia.transactionBankingSystem.validation.PocketValidationTest" time="0.003"/>
  <testcase name="createPocketValidationWithNameNull()" classname="org.makaia.transactionBankingSystem.validation.PocketValidationTest" time="0.005"/>
  <testcase name="transferPocketValidationWithErrors()" classname="org.makaia.transactionBankingSystem.validation.PocketValidationTest" time="0.003"/>
  <testcase name="createPocketValidation()" classname="org.makaia.transactionBankingSystem.validation.PocketValidationTest" time="0.003"/>
  <system-out><![CDATA[]]></system-out>
  <system-err><![CDATA[]]></system-err>
</testsuite>
