<?xml version="1.0" encoding="UTF-8"?>
<testsuite name="org.makaia.transactionBankingSystem.TransactionBankingSystemApplicationTests" tests="1" skipped="0" failures="0" errors="0" timestamp="2023-10-16T06:09:06" hostname="LAPTOP-TEMIOI1K" time="1.308">
  <properties/>
  <testcase name="contextLoads()" classname="org.makaia.transactionBankingSystem.TransactionBankingSystemApplicationTests" time="1.308"/>
  <system-out><![CDATA[01:08:09.234 [Test worker] DEBUG org.springframework.test.context.BootstrapUtils - Instantiating CacheAwareContextLoaderDelegate from class [org.springframework.test.context.cache.DefaultCacheAwareContextLoaderDelegate]
01:08:09.602 [Test worker] DEBUG org.springframework.test.context.BootstrapUtils - Instantiating BootstrapContext using constructor [public org.springframework.test.context.support.DefaultBootstrapContext(java.lang.Class,org.springframework.test.context.CacheAwareContextLoaderDelegate)]
01:08:09.739 [Test worker] DEBUG org.springframework.test.context.BootstrapUtils - Instantiating TestContextBootstrapper for test class [org.makaia.transactionBankingSystem.TransactionBankingSystemApplicationTests] from class [org.springframework.boot.test.context.SpringBootTestContextBootstrapper]
01:08:09.806 [Test worker] INFO org.springframework.boot.test.context.SpringBootTestContextBootstrapper - Neither @ContextConfiguration nor @ContextHierarchy found for test class [org.makaia.transactionBankingSystem.TransactionBankingSystemApplicationTests], using SpringBootContextLoader
01:08:09.862 [Test worker] DEBUG org.springframework.test.context.support.AbstractContextLoader - Did not detect default resource location for test class [org.makaia.transactionBankingSystem.TransactionBankingSystemApplicationTests]: class path resource [org/makaia/transactionBankingSystem/TransactionBankingSystemApplicationTests-context.xml] does not exist
01:08:09.864 [Test worker] DEBUG org.springframework.test.context.support.AbstractContextLoader - Did not detect default resource location for test class [org.makaia.transactionBankingSystem.TransactionBankingSystemApplicationTests]: class path resource [org/makaia/transactionBankingSystem/TransactionBankingSystemApplicationTestsContext.groovy] does not exist
01:08:09.865 [Test worker] INFO org.springframework.test.context.support.AbstractContextLoader - Could not detect default resource locations for test class [org.makaia.transactionBankingSystem.TransactionBankingSystemApplicationTests]: no resource found for suffixes {-context.xml, Context.groovy}.
01:08:09.870 [Test worker] INFO org.springframework.test.context.support.AnnotationConfigContextLoaderUtils - Could not detect default configuration classes for test class [org.makaia.transactionBankingSystem.TransactionBankingSystemApplicationTests]: TransactionBankingSystemApplicationTests does not declare any static, non-private, non-final, nested classes annotated with @Configuration.
01:08:10.590 [Test worker] DEBUG org.springframework.test.context.support.ActiveProfilesUtils - Could not find an 'annotation declaring class' for annotation type [org.springframework.test.context.ActiveProfiles] and class [org.makaia.transactionBankingSystem.TransactionBankingSystemApplicationTests]
01:08:11.114 [Test worker] DEBUG org.springframework.context.annotation.ClassPathScanningCandidateComponentProvider - Identified candidate component class: file [C:\Users\Yeisson Vahos Cortes\Desktop\MAKAIA\Semanas\WorkShops\Proyecto integrador\transactionBankingSystem\build\classes\java\main\org\makaia\transactionBankingSystem\TransactionBankingSystemApplication.class]
01:08:11.119 [Test worker] INFO org.springframework.boot.test.context.SpringBootTestContextBootstrapper - Found @SpringBootConfiguration org.makaia.transactionBankingSystem.TransactionBankingSystemApplication for test class org.makaia.transactionBankingSystem.TransactionBankingSystemApplicationTests
01:08:12.030 [Test worker] DEBUG org.springframework.boot.test.context.SpringBootTestContextBootstrapper - @TestExecutionListeners is not present for class [org.makaia.transactionBankingSystem.TransactionBankingSystemApplicationTests]: using defaults.
01:08:12.032 [Test worker] INFO org.springframework.boot.test.context.SpringBootTestContextBootstrapper - Loaded default TestExecutionListener class names from location [META-INF/spring.factories]: [org.springframework.security.test.context.support.WithSecurityContextTestExecutionListener, org.springframework.security.test.context.support.ReactorContextTestExecutionListener, org.springframework.boot.test.autoconfigure.restdocs.RestDocsTestExecutionListener, org.springframework.boot.test.autoconfigure.web.client.MockRestServiceServerResetTestExecutionListener, org.springframework.boot.test.autoconfigure.web.servlet.MockMvcPrintOnlyOnFailureTestExecutionListener, org.springframework.boot.test.autoconfigure.web.servlet.WebDriverTestExecutionListener, org.springframework.boot.test.autoconfigure.webservices.client.MockWebServiceServerTestExecutionListener, org.springframework.boot.test.mock.mockito.MockitoTestExecutionListener, org.springframework.boot.test.mock.mockito.ResetMocksTestExecutionListener, org.springframework.test.context.web.ServletTestExecutionListener, org.springframework.test.context.support.DirtiesContextBeforeModesTestExecutionListener, org.springframework.test.context.event.ApplicationEventsTestExecutionListener, org.springframework.test.context.support.DependencyInjectionTestExecutionListener, org.springframework.test.context.support.DirtiesContextTestExecutionListener, org.springframework.test.context.transaction.TransactionalTestExecutionListener, org.springframework.test.context.jdbc.SqlScriptsTestExecutionListener, org.springframework.test.context.event.EventPublishingTestExecutionListener]
01:08:12.170 [Test worker] INFO org.springframework.boot.test.context.SpringBootTestContextBootstrapper - Using TestExecutionListeners: [org.springframework.test.context.web.ServletTestExecutionListener@2f162cc0, org.springframework.test.context.support.DirtiesContextBeforeModesTestExecutionListener@5df417a7, org.springframework.test.context.event.ApplicationEventsTestExecutionListener@7c041b41, org.springframework.boot.test.mock.mockito.MockitoTestExecutionListener@7f69d591, org.springframework.boot.test.autoconfigure.SpringBootDependencyInjectionTestExecutionListener@61078690, org.springframework.test.context.support.DirtiesContextTestExecutionListener@1cb3ec38, org.springframework.test.context.transaction.TransactionalTestExecutionListener@403132fc, org.springframework.test.context.jdbc.SqlScriptsTestExecutionListener@71c5b236, org.springframework.security.test.context.support.WithSecurityContextTestExecutionListener@2cab9998, org.springframework.test.context.event.EventPublishingTestExecutionListener@2f7a7219, org.springframework.security.test.context.support.ReactorContextTestExecutionListener@669513d8, org.springframework.boot.test.autoconfigure.restdocs.RestDocsTestExecutionListener@3a1d593e, org.springframework.boot.test.autoconfigure.web.client.MockRestServiceServerResetTestExecutionListener@4a8a60bc, org.springframework.boot.test.autoconfigure.web.servlet.MockMvcPrintOnlyOnFailureTestExecutionListener@361c294e, org.springframework.boot.test.autoconfigure.web.servlet.WebDriverTestExecutionListener@7859e786, org.springframework.boot.test.autoconfigure.webservices.client.MockWebServiceServerTestExecutionListener@285d851a, org.springframework.boot.test.mock.mockito.ResetMocksTestExecutionListener@314b8f2d]
01:08:12.189 [Test worker] DEBUG org.springframework.test.context.support.AbstractDirtiesContextTestExecutionListener - Before test class: context [DefaultTestContext@290b1b2e testClass = TransactionBankingSystemApplicationTests, testInstance = [null], testMethod = [null], testException = [null], mergedContextConfiguration = [WebMergedContextConfiguration@47874b25 testClass = TransactionBankingSystemApplicationTests, locations = '{}', classes = '{class org.makaia.transactionBankingSystem.TransactionBankingSystemApplication}', contextInitializerClasses = '[]', activeProfiles = '{}', propertySourceLocations = '{}', propertySourceProperties = '{org.springframework.boot.test.context.SpringBootTestContextBootstrapper=true}', contextCustomizers = set[org.springframework.boot.test.autoconfigure.actuate.metrics.MetricsExportContextCustomizerFactory$DisableMetricExportContextCustomizer@497486b3, org.springframework.boot.test.autoconfigure.properties.PropertyMappingContextCustomizer@0, org.springframework.boot.test.autoconfigure.web.servlet.WebDriverContextCustomizerFactory$Customizer@1c32386d, org.springframework.boot.test.context.filter.ExcludeFilterContextCustomizer@74c79fa2, org.springframework.boot.test.json.DuplicateJsonObjectContextCustomizerFactory$DuplicateJsonObjectContextCustomizer@5cde6747, org.springframework.boot.test.mock.mockito.MockitoContextCustomizer@0, org.springframework.boot.test.web.client.TestRestTemplateContextCustomizer@584f54e6, org.springframework.boot.test.context.SpringBootTestArgs@1, org.springframework.boot.test.context.SpringBootTestWebEnvironment@4fb3ee4e], resourceBasePath = 'src/main/webapp', contextLoader = 'org.springframework.boot.test.context.SpringBootContextLoader', parent = [null]], attributes = map['org.springframework.test.context.web.ServletTestExecutionListener.activateListener' -> true]], class annotated with @DirtiesContext [false] with mode [null].

  .   ____          _            __ _ _
 /\\ / ___'_ __ _ _(_)_ __  __ _ \ \ \ \
( ( )\___ | '_ | '_| | '_ \/ _` | \ \ \ \
 \\/  ___)| |_)| | | | | || (_| |  ) ) ) )
  '  |____| .__|_| |_|_| |_\__, | / / / /
 =========|_|==============|___/=/_/_/_/
 :: Spring Boot ::      (v2.7.17-SNAPSHOT)

2023-10-16 01:08:14.615  INFO 11680 --- [    Test worker] TransactionBankingSystemApplicationTests : Starting TransactionBankingSystemApplicationTests using Java 17.0.5 on LAPTOP-TEMIOI1K with PID 11680 (started by Yeisson Vahos Cortes in C:\Users\Yeisson Vahos Cortes\Desktop\MAKAIA\Semanas\WorkShops\Proyecto integrador\transactionBankingSystem)
2023-10-16 01:08:14.642  INFO 11680 --- [    Test worker] TransactionBankingSystemApplicationTests : No active profile set, falling back to 1 default profile: "default"
2023-10-16 01:08:22.167  INFO 11680 --- [    Test worker] .s.d.r.c.RepositoryConfigurationDelegate : Bootstrapping Spring Data JPA repositories in DEFAULT mode.
2023-10-16 01:08:22.756  INFO 11680 --- [    Test worker] .s.d.r.c.RepositoryConfigurationDelegate : Finished Spring Data repository scanning in 537 ms. Found 4 JPA repository interfaces.
2023-10-16 01:08:32.565  INFO 11680 --- [    Test worker] o.hibernate.jpa.internal.util.LogHelper  : HHH000204: Processing PersistenceUnitInfo [name: default]
2023-10-16 01:08:32.959  INFO 11680 --- [    Test worker] org.hibernate.Version                    : HHH000412: Hibernate ORM core version 5.6.15.Final
2023-10-16 01:08:34.013  INFO 11680 --- [    Test worker] o.hibernate.annotations.common.Version   : HCANN000001: Hibernate Commons Annotations {5.1.2.Final}
2023-10-16 01:08:35.072  INFO 11680 --- [    Test worker] com.zaxxer.hikari.HikariDataSource       : HikariPool-1 - Starting...
2023-10-16 01:08:39.441  INFO 11680 --- [    Test worker] com.zaxxer.hikari.HikariDataSource       : HikariPool-1 - Start completed.
2023-10-16 01:08:39.671  INFO 11680 --- [    Test worker] org.hibernate.dialect.Dialect            : HHH000400: Using dialect: org.hibernate.dialect.MySQL8Dialect
2023-10-16 01:08:45.858  INFO 11680 --- [    Test worker] o.h.e.t.j.p.i.JtaPlatformInitiator       : HHH000490: Using JtaPlatform implementation: [org.hibernate.engine.transaction.jta.platform.internal.NoJtaPlatform]
2023-10-16 01:08:45.891  INFO 11680 --- [    Test worker] j.LocalContainerEntityManagerFactoryBean : Initialized JPA EntityManagerFactory for persistence unit 'default'
2023-10-16 01:08:53.966  INFO 11680 --- [    Test worker] o.s.s.web.DefaultSecurityFilterChain     : Will secure any request with [org.springframework.security.web.session.DisableEncodeUrlFilter@41c83af0, org.springframework.security.web.context.request.async.WebAsyncManagerIntegrationFilter@47d4468a, org.springframework.security.web.context.SecurityContextPersistenceFilter@347c5721, org.springframework.security.web.header.HeaderWriterFilter@3a5b1af7, org.springframework.security.web.authentication.logout.LogoutFilter@242c4a94, org.makaia.transactionBankingSystem.security.SecurityFilter@65f96d58, org.springframework.security.web.savedrequest.RequestCacheAwareFilter@28551755, org.springframework.security.web.servletapi.SecurityContextHolderAwareRequestFilter@7ec68821, org.springframework.security.web.authentication.AnonymousAuthenticationFilter@60658389, org.springframework.security.web.session.SessionManagementFilter@761a0bbd, org.springframework.security.web.access.ExceptionTranslationFilter@7dda5b25, org.springframework.security.web.access.intercept.FilterSecurityInterceptor@329aa2d1]
2023-10-16 01:08:58.807  WARN 11680 --- [    Test worker] JpaBaseConfiguration$JpaWebConfiguration : spring.jpa.open-in-view is enabled by default. Therefore, database queries may be performed during view rendering. Explicitly configure spring.jpa.open-in-view to disable this warning
2023-10-16 01:09:06.241  INFO 11680 --- [    Test worker] TransactionBankingSystemApplicationTests : Started TransactionBankingSystemApplicationTests in 53.755 seconds (JVM running for 63.493)
]]></system-out>
  <system-err><![CDATA[]]></system-err>
</testsuite>
