<?xml version="1.0" encoding="UTF-8"?>
<testsuite name="org.makaia.transactionBankingSystem.service.AccountServiceTest" tests="15" skipped="0" failures="0" errors="0" timestamp="2023-10-16T06:09:08" hostname="LAPTOP-TEMIOI1K" time="0.588">
  <properties/>
  <testcase name="transferToAccountWithNonEnoughBalanceInSourceAccount()" classname="org.makaia.transactionBankingSystem.service.AccountServiceTest" time="0.103"/>
  <testcase name="createSuccessfulAccountWithExistingPerson()" classname="org.makaia.transactionBankingSystem.service.AccountServiceTest" time="0.036"/>
  <testcase name="transferToAccountWithEqualsSourceAndDestinationAccounts()" classname="org.makaia.transactionBankingSystem.service.AccountServiceTest" time="0.028"/>
  <testcase name="getPocketsByAccountNumberExistingPockets()" classname="org.makaia.transactionBankingSystem.service.AccountServiceTest" time="0.028"/>
  <testcase name="getAccountByIdWithNonExistentId()" classname="org.makaia.transactionBankingSystem.service.AccountServiceTest" time="0.006"/>
  <testcase name="createSuccessfulAccountWithNonExistingPerson()" classname="org.makaia.transactionBankingSystem.service.AccountServiceTest" time="0.15"/>
  <testcase name="depositInAccountWithNonExistingAccount()" classname="org.makaia.transactionBankingSystem.service.AccountServiceTest" time="0.006"/>
  <testcase name="depositInAccount()" classname="org.makaia.transactionBankingSystem.service.AccountServiceTest" time="0.017"/>
  <testcase name="transferToAccountWithEnoughBalanceInSourceAccount()" classname="org.makaia.transactionBankingSystem.service.AccountServiceTest" time="0.016"/>
  <testcase name="getPocketsByAccountNumberNonExistingPockets()" classname="org.makaia.transactionBankingSystem.service.AccountServiceTest" time="0.01"/>
  <testcase name="getAccountByIdWithExistentId()" classname="org.makaia.transactionBankingSystem.service.AccountServiceTest" time="0.021"/>
  <testcase name="balanceInPocketsOfOneAccountExistingPockets()" classname="org.makaia.transactionBankingSystem.service.AccountServiceTest" time="0.013"/>
  <testcase name="isLoggedInUserTheOwnerOfTheAccount()" classname="org.makaia.transactionBankingSystem.service.AccountServiceTest" time="0.006"/>
  <testcase name="getPersonByIdNonExistingId()" classname="org.makaia.transactionBankingSystem.service.AccountServiceTest" time="0.04"/>
  <testcase name="isLoggedInUserNonOwnerOfTheAccount()" classname="org.makaia.transactionBankingSystem.service.AccountServiceTest" time="0.026"/>
  <system-out><![CDATA[]]></system-out>
  <system-err><![CDATA[]]></system-err>
</testsuite>
