<?xml version="1.0" encoding="UTF-8"?>
<testsuite name="org.makaia.transactionBankingSystem.service.PersonServiceTest" tests="4" skipped="0" failures="0" errors="0" timestamp="2023-10-16T04:46:51" hostname="LAPTOP-TEMIOI1K" time="0.047">
  <properties/>
  <testcase name="updatePerson()" classname="org.makaia.transactionBankingSystem.service.PersonServiceTest" time="0.007"/>
  <testcase name="createPerson()" classname="org.makaia.transactionBankingSystem.service.PersonServiceTest" time="0.01"/>
  <testcase name="getPersonByIdWithExistentId()" classname="org.makaia.transactionBankingSystem.service.PersonServiceTest" time="0.004"/>
  <testcase name="getPersonByIdWithNonExistentId()" classname="org.makaia.transactionBankingSystem.service.PersonServiceTest" time="0.004"/>
  <system-out><![CDATA[]]></system-out>
  <system-err><![CDATA[]]></system-err>
</testsuite>
