<?xml version="1.0" encoding="UTF-8"?>
<testsuite name="org.makaia.transactionBankingSystem.service.UserServiceTest" tests="3" skipped="0" failures="0" errors="0" timestamp="2023-10-16T04:46:53" hostname="LAPTOP-TEMIOI1K" time="0.343">
  <properties/>
  <testcase name="getUserByUserNameNonExistingUser()" classname="org.makaia.transactionBankingSystem.service.UserServiceTest" time="0.005"/>
  <testcase name="getUserByUserNameExistingUser()" classname="org.makaia.transactionBankingSystem.service.UserServiceTest" time="0.02"/>
  <testcase name="createUser()" classname="org.makaia.transactionBankingSystem.service.UserServiceTest" time="0.313"/>
  <system-out><![CDATA[]]></system-out>
  <system-err><![CDATA[]]></system-err>
</testsuite>
