<?xml version="1.0" encoding="UTF-8"?>
<testsuite name="org.makaia.transactionBankingSystem.validation.PersonValidationTest" tests="6" skipped="0" failures="0" errors="0" timestamp="2023-10-16T06:09:11" hostname="LAPTOP-TEMIOI1K" time="0.203">
  <properties/>
  <testcase name="testCreatePersonValidationWithErrors()" classname="org.makaia.transactionBankingSystem.validation.PersonValidationTest" time="0.002"/>
  <testcase name="testGetPersonValidationWithError()" classname="org.makaia.transactionBankingSystem.validation.PersonValidationTest" time="0.033"/>
  <testcase name="testUpdatePersonValidationWithError()" classname="org.makaia.transactionBankingSystem.validation.PersonValidationTest" time="0.006"/>
  <testcase name="testUpdatePersonValidation()" classname="org.makaia.transactionBankingSystem.validation.PersonValidationTest" time="0.006"/>
  <testcase name="testGetPersonValidation()" classname="org.makaia.transactionBankingSystem.validation.PersonValidationTest" time="0.003"/>
  <testcase name="testCreatePersonValidation()" classname="org.makaia.transactionBankingSystem.validation.PersonValidationTest" time="0.002"/>
  <system-out><![CDATA[]]></system-out>
  <system-err><![CDATA[]]></system-err>
</testsuite>
